<?xml version="1.0" encoding="UTF-8"?>
<testng-results skipped="0" failed="0" total="1" passed="1">
  <reporter-output>
  </reporter-output>
  <suite name="Default suite" duration-ms="104716" started-at="2015-01-19T17:31:22Z" finished-at="2015-01-19T17:33:07Z">
    <groups>
    </groups>
    <test name="Default test" duration-ms="104716" started-at="2015-01-19T17:31:22Z" finished-at="2015-01-19T17:33:07Z">
      <class name="com.email.scripts.EmailResetScript">
        <test-method status="PASS" signature="preCondition()[pri:0, instance:com.email.scripts.EmailResetScript@2d6a9952]" name="preCondition" is-config="true" duration-ms="14188" started-at="2015-01-19T23:01:22Z" finished-at="2015-01-19T23:01:36Z">
          <reporter-output>
          </reporter-output>
        </test-method> <!-- preCondition -->
        <test-method status="PASS" signature="testPasswordReset()[pri:0, instance:com.email.scripts.EmailResetScript@2d6a9952]" name="testPasswordReset" duration-ms="90449" started-at="2015-01-19T23:01:36Z" finished-at="2015-01-19T23:03:07Z">
          <reporter-output>
          </reporter-output>
        </test-method> <!-- testPasswordReset -->
      </class> <!-- com.email.scripts.EmailResetScript -->
    </test> <!-- Default test -->
  </suite> <!-- Default suite -->
</testng-results>
